# JRE version: Java(TM) SE Runtime Environment (17.0.8+9) (build 17.0.8+9-LTS-211)
# Java VM: Java HotSpot(TM) 64-Bit Server VM (17.0.8+9-LTS-211, mixed mode, sharing, tiered, compressed oops, compressed class ptrs, g1 gc, windows-amd64)
GC Precious Log:
 CPUs: 12 total, 12 available
 Memory: 16196M
 Large Page Support: Disabled
 NUMA Support: Disabled
 Compressed Oops: Enabled (32-bit)
 Heap Region Size: 1M
 Heap Min Capacity: 256M
 Heap Initial Capacity: 256M
 Heap Max Capacity: 512M
 Pre-touch: Disabled
 Parallel Workers: 10
 Concurrent Workers: 3
 Concurrent Refinement Workers: 10
 Periodic GC: Disabled
Heap:
 garbage-first heap   total 307200K, used 203671K [0x00000000e0000000, 0x0000000100000000)
  region size 1024K, 46 young (47104K), 2 survivors (2048K)
 Metaspace       used 94751K, committed 95808K, reserved 458752K
  class space    used 12570K, committed 13056K, reserved 327680K
GC Heap History (20 events):
Event: 78.534 GC heap before
{Heap before GC invocations=48 (full 0):
 garbage-first heap   total 270336K, used 228533K [0x00000000e0000000, 0x0000000100000000)
  region size 1024K, 88 young (90112K), 8 survivors (8192K)
 Metaspace       used 95394K, committed 96320K, reserved 458752K
  class space    used 12624K, committed 13056K, reserved 327680K
}
Event: 78.541 GC heap after
{Heap after GC invocations=49 (full 0):
 garbage-first heap   total 270336K, used 153219K [0x00000000e0000000, 0x0000000100000000)
  region size 1024K, 10 young (10240K), 10 survivors (10240K)
 Metaspace       used 95394K, committed 96320K, reserved 458752K
  class space    used 12624K, committed 13056K, reserved 327680K
}
Event: 78.722 GC heap before
{Heap before GC invocations=49 (full 0):
 garbage-first heap   total 270336K, used 224899K [0x00000000e0000000, 0x0000000100000000)
  region size 1024K, 81 young (82944K), 10 survivors (10240K)
 Metaspace       used 95400K, committed 96320K, reserved 458752K
  class space    used 12624K, committed 13056K, reserved 327680K
}
Event: 78.727 GC heap after
{Heap after GC invocations=50 (full 0):
 garbage-first heap   total 270336K, used 155791K [0x00000000e0000000, 0x0000000100000000)
  region size 1024K, 3 young (3072K), 3 survivors (3072K)
 Metaspace       used 95400K, committed 96320K, reserved 458752K
  class space    used 12624K, committed 13056K, reserved 327680K
}
Event: 78.950 GC heap before
{Heap before GC invocations=51 (full 0):
 garbage-first heap   total 307200K, used 227471K [0x00000000e0000000, 0x0000000100000000)
  region size 1024K, 74 young (75776K), 3 survivors (3072K)
 Metaspace       used 94036K, committed 95488K, reserved 458752K
  class space    used 12456K, committed 12992K, reserved 327680K
}
Event: 78.952 GC heap after
{Heap after GC invocations=52 (full 0):
 garbage-first heap   total 307200K, used 156378K [0x00000000e0000000, 0x0000000100000000)
  region size 1024K, 4 young (4096K), 4 survivors (4096K)
 Metaspace       used 94036K, committed 95488K, reserved 458752K
  class space    used 12456K, committed 12992K, reserved 327680K
}
Event: 78.976 GC heap before
{Heap before GC invocations=52 (full 0):
 garbage-first heap   total 307200K, used 166618K [0x00000000e0000000, 0x0000000100000000)
  region size 1024K, 15 young (15360K), 4 survivors (4096K)
 Metaspace       used 94036K, committed 95488K, reserved 458752K
  class space    used 12456K, committed 12992K, reserved 327680K
}
Event: 78.980 GC heap after
{Heap after GC invocations=53 (full 0):
 garbage-first heap   total 307200K, used 154607K [0x00000000e0000000, 0x0000000100000000)
  region size 1024K, 1 young (1024K), 1 survivors (1024K)
 Metaspace       used 94036K, committed 95488K, reserved 458752K
  class space    used 12456K, committed 12992K, reserved 327680K
}
Event: 79.195 GC heap before
{Heap before GC invocations=53 (full 0):
 garbage-first heap   total 307200K, used 257007K [0x00000000e0000000, 0x0000000100000000)
  region size 1024K, 102 young (104448K), 1 survivors (1024K)
 Metaspace       used 94036K, committed 95488K, reserved 458752K
  class space    used 12456K, committed 12992K, reserved 327680K
}
Event: 79.198 GC heap after
{Heap after GC invocations=54 (full 0):
 garbage-first heap   total 307200K, used 155770K [0x00000000e0000000, 0x0000000100000000)
  region size 1024K, 2 young (2048K), 2 survivors (2048K)
 Metaspace       used 94036K, committed 95488K, reserved 458752K
  class space    used 12456K, committed 12992K, reserved 327680K
}
Event: 79.609 GC heap before
{Heap before GC invocations=54 (full 0):
 garbage-first heap   total 307200K, used 260218K [0x00000000e0000000, 0x0000000100000000)
  region size 1024K, 105 young (107520K), 2 survivors (2048K)
 Metaspace       used 94036K, committed 95488K, reserved 458752K
  class space    used 12456K, committed 12992K, reserved 327680K
}
Event: 79.612 GC heap after
{Heap after GC invocations=55 (full 0):
 garbage-first heap   total 307200K, used 157473K [0x00000000e0000000, 0x0000000100000000)
  region size 1024K, 4 young (4096K), 4 survivors (4096K)
 Metaspace       used 94036K, committed 95488K, reserved 458752K
  class space    used 12456K, committed 12992K, reserved 327680K
}
Event: 80.245 GC heap before
{Heap before GC invocations=55 (full 0):
 garbage-first heap   total 307200K, used 262945K [0x00000000e0000000, 0x0000000100000000)
  region size 1024K, 107 young (109568K), 4 survivors (4096K)
 Metaspace       used 94037K, committed 95488K, reserved 458752K
  class space    used 12456K, committed 12992K, reserved 327680K
}
Event: 80.249 GC heap after
{Heap after GC invocations=56 (full 0):
 garbage-first heap   total 307200K, used 158951K [0x00000000e0000000, 0x0000000100000000)
  region size 1024K, 5 young (5120K), 5 survivors (5120K)
 Metaspace       used 94037K, committed 95488K, reserved 458752K
  class space    used 12456K, committed 12992K, reserved 327680K
}
Event: 80.892 GC heap before
{Heap before GC invocations=57 (full 0):
 garbage-first heap   total 307200K, used 263399K [0x00000000e0000000, 0x0000000100000000)
  region size 1024K, 108 young (110592K), 5 survivors (5120K)
 Metaspace       used 94037K, committed 95488K, reserved 458752K
  class space    used 12456K, committed 12992K, reserved 327680K
}
Event: 80.896 GC heap after
{Heap after GC invocations=58 (full 0):
 garbage-first heap   total 307200K, used 160499K [0x00000000e0000000, 0x0000000100000000)
  region size 1024K, 7 young (7168K), 7 survivors (7168K)
 Metaspace       used 94037K, committed 95488K, reserved 458752K
  class space    used 12456K, committed 12992K, reserved 327680K
}
Event: 80.923 GC heap before
{Heap before GC invocations=58 (full 0):
 garbage-first heap   total 307200K, used 168691K [0x00000000e0000000, 0x0000000100000000)
  region size 1024K, 15 young (15360K), 7 survivors (7168K)
 Metaspace       used 94037K, committed 95488K, reserved 458752K
  class space    used 12456K, committed 12992K, reserved 327680K
}
Event: 80.928 GC heap after
{Heap after GC invocations=59 (full 0):
 garbage-first heap   total 307200K, used 159204K [0x00000000e0000000, 0x0000000100000000)
  region size 1024K, 1 young (1024K), 1 survivors (1024K)
 Metaspace       used 94037K, committed 95488K, reserved 458752K
  class space    used 12456K, committed 12992K, reserved 327680K
}
Event: 81.383 GC heap before
{Heap before GC invocations=59 (full 0):
 garbage-first heap   total 307200K, used 265700K [0x00000000e0000000, 0x0000000100000000)
  region size 1024K, 106 young (108544K), 1 survivors (1024K)
 Metaspace       used 94037K, committed 95488K, reserved 458752K
  class space    used 12456K, committed 12992K, reserved 327680K
}
Event: 81.386 GC heap after
{Heap after GC invocations=60 (full 0):
 garbage-first heap   total 307200K, used 159639K [0x00000000e0000000, 0x0000000100000000)
  region size 1024K, 2 young (2048K), 2 survivors (2048K)
 Metaspace       used 94037K, committed 95488K, reserved 458752K
  class space    used 12456K, committed 12992K, reserved 327680K
}

